Begin Time:2019-12-19 17:57:57.297
[2019-12-19 17:57:57.297][P:1540/T:16284][AVNetSDKMgr.cpp:358][Info][0] Load avnetsdk library dynamically
[2019-12-19 17:57:57.313][P:1540/T:16284][AVNetSDKMgr.cpp:382][Info][0] avnetsdk module handle: 0000000022650000

[2019-12-19 17:57:57.313][P:1540/T:16284][AVNetSDKMgr.cpp:702][Info][0] Load configsdk dynamically
[2019-12-19 17:57:57.385][P:1540/T:16284][dhnetsdk.cpp:186][Info][0] Enter CLIENT_SetAutoReconnect:[cbAutoConnect=000000001D5D0050, dwUser=0000000000000000].
[2019-12-19 17:57:57.386][P:1540/T:16284][dhnetsdk.cpp:188][Info][0] Leave CLIENT_SetAutoReconnect.
[2019-12-19 17:57:57.388][P:1540/T:16284][dhnetsdk.cpp:206][Info][0] Enter CLIENT_SetConnectTime:[nWaitTime=5000, nTryTimes=1].
[2019-12-19 17:57:57.388][P:1540/T:16284][dhnetsdk.cpp:219][Info][0] Leave CLIENT_SetConnectTime.
[2019-12-19 17:57:57.409][P:1540/T:16284][dhnetsdk.cpp:230][Info][0] Enter CLIENT_SetNetworkParam:[nWaittime=0, nConnectTime=10000, nConnectTryNum=0, nSubConnectSpaceTime=0, nGetDevInfoTime=0, nConnectBufSize=0, nGetConnInfoTime=3000, nSearchRecordTime=0, nsubDisconnetTime=0, byNetType=0, byPlaybackBufSize=0, bDetectDisconnTime=0, bKeepLifeInterval=0, nPicBufSize=0].
[2019-12-19 17:57:57.409][P:1540/T:16284][dhnetsdk.cpp:245][Info][0] Leave CLIENT_SetNetworkParam.
[2019-12-19 17:58:05.189][P:1540/T:16284][dhnetsdk.cpp:582][Info][0] Enter CLIENT_LoginEx2. [IP=192.168.0.222, port=37777, SpeCap=0, lpDeviceInfo=000000001D63DC90.]
[2019-12-19 17:58:15.192][P:1540/T:16284][TPTCPClient.cpp:378][Error][90010007] Connect host failed, ip:192.168.0.222
[2019-12-19 17:58:15.192][P:1540/T:16284][dhdevprob.cpp:2226][Error][8000040a] Failed to create main connection
[2019-12-19 17:58:15.192][P:1540/T:16284][Manager.cpp:7549][Error][90010002] device is NULL
[2019-12-19 17:58:15.192][P:1540/T:16284][Manager.cpp:7646][Error][90010002] Login device failed, errorcode:9!
[2019-12-19 17:58:15.192][P:1540/T:16284][dhnetsdk.cpp:609][Error][90010002] Login failed, ip:192.168.0.222, port:37777, specCap:0!
[2019-12-19 17:58:15.192][P:1540/T:16284][dhnetsdk.cpp:618][Info][0] Leave CLIENT_LoginEx2. [error=9, login ID=0.]
[2019-12-19 17:58:15.194][P:1540/T:16284][dhnetsdk.cpp:6505][Info][0] Enter CLIENT_GetLastError.
[2019-12-19 17:58:15.194][P:1540/T:16284][dhnetsdk.cpp:6508][Info][0] Leave CLIENT_GetLastError.[Error code=8000006b.]
[2019-12-19 17:58:15.194][P:1540/T:16284][dhnetsdk.cpp:6505][Info][0] Enter CLIENT_GetLastError.
[2019-12-19 17:58:15.194][P:1540/T:16284][dhnetsdk.cpp:6508][Info][0] Leave CLIENT_GetLastError.[Error code=8000006b.]
[2019-12-19 17:58:15.280][P:1540/T:16284][dhnetsdk.cpp:6517][Info][0] Enter CLIENT_ControlDevice. [lLoginID=0, type=256, param=000000001D637CA0, waittime=5000.]
[2019-12-19 17:58:15.280][P:1540/T:16284][dhnetsdk.cpp:6528][Error][90000009] Invalid login handle:0000000000000000
[2019-12-19 17:58:15.281][P:1540/T:16284][dhnetsdk.cpp:6505][Info][0] Enter CLIENT_GetLastError.
[2019-12-19 17:58:15.281][P:1540/T:16284][dhnetsdk.cpp:6508][Info][0] Leave CLIENT_GetLastError.[Error code=80000004.]
[2019-12-19 17:58:15.281][P:1540/T:16284][dhnetsdk.cpp:6505][Info][0] Enter CLIENT_GetLastError.
[2019-12-19 17:58:15.282][P:1540/T:16284][dhnetsdk.cpp:6508][Info][0] Leave CLIENT_GetLastError.[Error code=80000004.]
