Begin Time:2019-12-12 15:24:16.598
[2019-12-12 15:24:16.598][P:15420/T:12888][AVNetSDKMgr.cpp:358][Info][0] Load avnetsdk library dynamically
[2019-12-12 15:24:16.610][P:15420/T:12888][AVNetSDKMgr.cpp:382][Info][0] avnetsdk module handle: 000000001E7C0000

[2019-12-12 15:24:16.610][P:15420/T:12888][AVNetSDKMgr.cpp:702][Info][0] Load configsdk dynamically
[2019-12-12 15:24:16.624][P:15420/T:12888][dhnetsdk.cpp:186][Info][0] Enter CLIENT_SetAutoReconnect:[cbAutoConnect=000000001BA50050, dwUser=0000000000000000].
[2019-12-12 15:24:16.624][P:15420/T:12888][dhnetsdk.cpp:188][Info][0] Leave CLIENT_SetAutoReconnect.
[2019-12-12 15:24:16.625][P:15420/T:12888][dhnetsdk.cpp:206][Info][0] Enter CLIENT_SetConnectTime:[nWaitTime=5000, nTryTimes=1].
[2019-12-12 15:24:16.625][P:15420/T:12888][dhnetsdk.cpp:219][Info][0] Leave CLIENT_SetConnectTime.
[2019-12-12 15:24:16.629][P:15420/T:12888][dhnetsdk.cpp:230][Info][0] Enter CLIENT_SetNetworkParam:[nWaittime=0, nConnectTime=10000, nConnectTryNum=0, nSubConnectSpaceTime=0, nGetDevInfoTime=0, nConnectBufSize=0, nGetConnInfoTime=3000, nSearchRecordTime=0, nsubDisconnetTime=0, byNetType=0, byPlaybackBufSize=0, bDetectDisconnTime=0, bKeepLifeInterval=0, nPicBufSize=0].
[2019-12-12 15:24:16.629][P:15420/T:12888][dhnetsdk.cpp:245][Info][0] Leave CLIENT_SetNetworkParam.
[2019-12-12 15:24:23.060][P:15420/T:12888][dhnetsdk.cpp:582][Info][0] Enter CLIENT_LoginEx2. [IP=192.168.2.123, port=37777, SpeCap=0, lpDeviceInfo=000000001BB2E2C0.]
[2019-12-12 15:24:33.063][P:15420/T:12888][TPTCPClient.cpp:378][Error][90010007] Connect host failed, ip:192.168.2.123
[2019-12-12 15:24:33.063][P:15420/T:12888][dhdevprob.cpp:2226][Error][8000040a] Failed to create main connection
[2019-12-12 15:24:33.063][P:15420/T:12888][Manager.cpp:7549][Error][90010002] device is NULL
[2019-12-12 15:24:33.063][P:15420/T:12888][Manager.cpp:7646][Error][90010002] Login device failed, errorcode:9!
[2019-12-12 15:24:33.063][P:15420/T:12888][dhnetsdk.cpp:609][Error][90010002] Login failed, ip:192.168.2.123, port:37777, specCap:0!
[2019-12-12 15:24:33.064][P:15420/T:12888][dhnetsdk.cpp:618][Info][0] Leave CLIENT_LoginEx2. [error=9, login ID=0.]
[2019-12-12 15:24:33.066][P:15420/T:12888][dhnetsdk.cpp:6505][Info][0] Enter CLIENT_GetLastError.
[2019-12-12 15:24:33.066][P:15420/T:12888][dhnetsdk.cpp:6508][Info][0] Leave CLIENT_GetLastError.[Error code=8000006b.]
[2019-12-12 15:24:33.067][P:15420/T:12888][dhnetsdk.cpp:6505][Info][0] Enter CLIENT_GetLastError.
[2019-12-12 15:24:33.067][P:15420/T:12888][dhnetsdk.cpp:6508][Info][0] Leave CLIENT_GetLastError.[Error code=8000006b.]
[2019-12-12 15:25:02.162][P:15420/T:12888][dhnetsdk.cpp:14705][Info][0] Enter CLIENT_FindRecord. [lLoginID=0, pInParam=000000001BB2E3B0, pOutParam=000000001BB2E3D0, waittime=5000.]
[2019-12-12 15:25:02.162][P:15420/T:12888][dhnetsdk.cpp:14717][Error][90000009] Invalid login handle:0000000000000000
[2019-12-12 15:25:02.583][P:15420/T:12888][dhnetsdk.cpp:6505][Info][0] Enter CLIENT_GetLastError.
[2019-12-12 15:25:02.583][P:15420/T:12888][dhnetsdk.cpp:6508][Info][0] Leave CLIENT_GetLastError.[Error code=80000004.]
[2019-12-12 15:25:02.583][P:15420/T:12888][dhnetsdk.cpp:6505][Info][0] Enter CLIENT_GetLastError.
[2019-12-12 15:25:02.583][P:15420/T:12888][dhnetsdk.cpp:6508][Info][0] Leave CLIENT_GetLastError.[Error code=80000004.]
