Begin Time:2019-12-20 11:10:11.448
[2019-12-20 11:10:11.449][P:3324/T:8012][AVNetSDKMgr.cpp:358][Info][0] Load avnetsdk library dynamically
[2019-12-20 11:10:11.478][P:3324/T:8012][AVNetSDKMgr.cpp:382][Info][0] avnetsdk module handle: 00000000212E0000

[2019-12-20 11:10:11.478][P:3324/T:8012][AVNetSDKMgr.cpp:702][Info][0] Load configsdk dynamically
[2019-12-20 11:10:11.545][P:3324/T:8012][dhnetsdk.cpp:186][Info][0] Enter CLIENT_SetAutoReconnect:[cbAutoConnect=000000001E290050, dwUser=0000000000000000].
[2019-12-20 11:10:11.546][P:3324/T:8012][dhnetsdk.cpp:188][Info][0] Leave CLIENT_SetAutoReconnect.
[2019-12-20 11:10:11.547][P:3324/T:8012][dhnetsdk.cpp:206][Info][0] Enter CLIENT_SetConnectTime:[nWaitTime=5000, nTryTimes=1].
[2019-12-20 11:10:11.547][P:3324/T:8012][dhnetsdk.cpp:219][Info][0] Leave CLIENT_SetConnectTime.
[2019-12-20 11:10:11.549][P:3324/T:8012][dhnetsdk.cpp:230][Info][0] Enter CLIENT_SetNetworkParam:[nWaittime=0, nConnectTime=10000, nConnectTryNum=0, nSubConnectSpaceTime=0, nGetDevInfoTime=0, nConnectBufSize=0, nGetConnInfoTime=3000, nSearchRecordTime=0, nsubDisconnetTime=0, byNetType=0, byPlaybackBufSize=0, bDetectDisconnTime=0, bKeepLifeInterval=0, nPicBufSize=0].
[2019-12-20 11:10:11.550][P:3324/T:8012][dhnetsdk.cpp:245][Info][0] Leave CLIENT_SetNetworkParam.
[2019-12-20 11:10:11.558][P:3324/T:8012][dhnetsdk.cpp:582][Info][0] Enter CLIENT_LoginEx2. [IP=192.168.0.222, port=37777, SpeCap=0, lpDeviceInfo=000000001D12DCF0.]
[2019-12-20 11:10:21.582][P:3324/T:8012][TPTCPClient.cpp:378][Error][90010007] Connect host failed, ip:192.168.0.222
[2019-12-20 11:10:21.582][P:3324/T:8012][dhdevprob.cpp:2226][Error][8000040a] Failed to create main connection
[2019-12-20 11:10:21.582][P:3324/T:8012][Manager.cpp:7549][Error][90010002] device is NULL
[2019-12-20 11:10:21.582][P:3324/T:8012][Manager.cpp:7646][Error][90010002] Login device failed, errorcode:9!
[2019-12-20 11:10:21.582][P:3324/T:8012][dhnetsdk.cpp:609][Error][90010002] Login failed, ip:192.168.0.222, port:37777, specCap:0!
[2019-12-20 11:10:21.582][P:3324/T:8012][dhnetsdk.cpp:618][Info][0] Leave CLIENT_LoginEx2. [error=9, login ID=0.]
[2019-12-20 11:10:21.678][P:3324/T:8012][dhnetsdk.cpp:6505][Info][0] Enter CLIENT_GetLastError.
[2019-12-20 11:10:21.678][P:3324/T:8012][dhnetsdk.cpp:6508][Info][0] Leave CLIENT_GetLastError.[Error code=8000006b.]
[2019-12-20 11:10:21.678][P:3324/T:8012][dhnetsdk.cpp:6505][Info][0] Enter CLIENT_GetLastError.
[2019-12-20 11:10:21.678][P:3324/T:8012][dhnetsdk.cpp:6508][Info][0] Leave CLIENT_GetLastError.[Error code=8000006b.]
[2019-12-20 11:10:21.754][P:3324/T:8012][dhnetsdk.cpp:6517][Info][0] Enter CLIENT_ControlDevice. [lLoginID=0, type=256, param=000000001D127AF0, waittime=5000.]
[2019-12-20 11:10:21.757][P:3324/T:8012][dhnetsdk.cpp:6528][Error][90000009] Invalid login handle:0000000000000000
[2019-12-20 11:10:21.760][P:3324/T:8012][dhnetsdk.cpp:6505][Info][0] Enter CLIENT_GetLastError.
[2019-12-20 11:10:21.760][P:3324/T:8012][dhnetsdk.cpp:6508][Info][0] Leave CLIENT_GetLastError.[Error code=80000004.]
[2019-12-20 11:10:21.760][P:3324/T:8012][dhnetsdk.cpp:6505][Info][0] Enter CLIENT_GetLastError.
[2019-12-20 11:10:21.760][P:3324/T:8012][dhnetsdk.cpp:6508][Info][0] Leave CLIENT_GetLastError.[Error code=80000004.]
