Begin Time:2019-12-12 15:22:40.602
[2019-12-12 15:22:40.602][P:9244/T:4180][AVNetSDKMgr.cpp:358][Info][0] Load avnetsdk library dynamically
[2019-12-12 15:22:40.623][P:9244/T:4180][AVNetSDKMgr.cpp:382][Info][0] avnetsdk module handle: 000000001F410000

[2019-12-12 15:22:40.623][P:9244/T:4180][AVNetSDKMgr.cpp:702][Info][0] Load configsdk dynamically
[2019-12-12 15:22:40.647][P:9244/T:4180][dhnetsdk.cpp:186][Info][0] Enter CLIENT_SetAutoReconnect:[cbAutoConnect=000000001B610050, dwUser=0000000000000000].
[2019-12-12 15:22:40.647][P:9244/T:4180][dhnetsdk.cpp:188][Info][0] Leave CLIENT_SetAutoReconnect.
[2019-12-12 15:22:40.648][P:9244/T:4180][dhnetsdk.cpp:206][Info][0] Enter CLIENT_SetConnectTime:[nWaitTime=5000, nTryTimes=1].
[2019-12-12 15:22:40.648][P:9244/T:4180][dhnetsdk.cpp:219][Info][0] Leave CLIENT_SetConnectTime.
[2019-12-12 15:22:40.651][P:9244/T:4180][dhnetsdk.cpp:230][Info][0] Enter CLIENT_SetNetworkParam:[nWaittime=0, nConnectTime=10000, nConnectTryNum=0, nSubConnectSpaceTime=0, nGetDevInfoTime=0, nConnectBufSize=0, nGetConnInfoTime=3000, nSearchRecordTime=0, nsubDisconnetTime=0, byNetType=0, byPlaybackBufSize=0, bDetectDisconnTime=0, bKeepLifeInterval=0, nPicBufSize=0].
[2019-12-12 15:22:40.651][P:9244/T:4180][dhnetsdk.cpp:245][Info][0] Leave CLIENT_SetNetworkParam.
[2019-12-12 15:22:40.654][P:9244/T:4180][dhnetsdk.cpp:582][Info][0] Enter CLIENT_LoginEx2. [IP=192.168.2.123, port=37777, SpeCap=0, lpDeviceInfo=000000001B62E2B0.]
[2019-12-12 15:22:50.656][P:9244/T:4180][TPTCPClient.cpp:378][Error][90010007] Connect host failed, ip:192.168.2.123
[2019-12-12 15:22:50.656][P:9244/T:4180][dhdevprob.cpp:2226][Error][8000040a] Failed to create main connection
[2019-12-12 15:22:50.656][P:9244/T:4180][Manager.cpp:7549][Error][90010002] device is NULL
[2019-12-12 15:22:50.656][P:9244/T:4180][Manager.cpp:7646][Error][90010002] Login device failed, errorcode:9!
[2019-12-12 15:22:50.656][P:9244/T:4180][dhnetsdk.cpp:609][Error][90010002] Login failed, ip:192.168.2.123, port:37777, specCap:0!
[2019-12-12 15:22:50.656][P:9244/T:4180][dhnetsdk.cpp:618][Info][0] Leave CLIENT_LoginEx2. [error=9, login ID=0.]
[2019-12-12 15:22:50.657][P:9244/T:4180][dhnetsdk.cpp:6505][Info][0] Enter CLIENT_GetLastError.
[2019-12-12 15:22:50.657][P:9244/T:4180][dhnetsdk.cpp:6508][Info][0] Leave CLIENT_GetLastError.[Error code=8000006b.]
[2019-12-12 15:22:50.657][P:9244/T:4180][dhnetsdk.cpp:6505][Info][0] Enter CLIENT_GetLastError.
[2019-12-12 15:22:50.657][P:9244/T:4180][dhnetsdk.cpp:6508][Info][0] Leave CLIENT_GetLastError.[Error code=8000006b.]
[2019-12-12 15:22:50.708][P:9244/T:4180][dhnetsdk.cpp:6517][Info][0] Enter CLIENT_ControlDevice. [lLoginID=0, type=256, param=000000001B6282C0, waittime=5000.]
[2019-12-12 15:22:50.709][P:9244/T:4180][dhnetsdk.cpp:6528][Error][90000009] Invalid login handle:0000000000000000
[2019-12-12 15:22:50.710][P:9244/T:4180][dhnetsdk.cpp:6505][Info][0] Enter CLIENT_GetLastError.
[2019-12-12 15:22:50.710][P:9244/T:4180][dhnetsdk.cpp:6508][Info][0] Leave CLIENT_GetLastError.[Error code=80000004.]
[2019-12-12 15:22:50.710][P:9244/T:4180][dhnetsdk.cpp:6505][Info][0] Enter CLIENT_GetLastError.
[2019-12-12 15:22:50.710][P:9244/T:4180][dhnetsdk.cpp:6508][Info][0] Leave CLIENT_GetLastError.[Error code=80000004.]
[2019-12-12 15:22:50.711][P:9244/T:4180][dhnetsdk.cpp:582][Info][0] Enter CLIENT_LoginEx2. [IP=192.168.2.123, port=37777, SpeCap=0, lpDeviceInfo=000000001B62E2B0.]
[2019-12-12 15:23:00.713][P:9244/T:4180][TPTCPClient.cpp:378][Error][90010007] Connect host failed, ip:192.168.2.123
[2019-12-12 15:23:00.713][P:9244/T:4180][dhdevprob.cpp:2226][Error][8000040a] Failed to create main connection
[2019-12-12 15:23:00.713][P:9244/T:4180][Manager.cpp:7549][Error][90010002] device is NULL
[2019-12-12 15:23:00.713][P:9244/T:4180][Manager.cpp:7646][Error][90010002] Login device failed, errorcode:9!
[2019-12-12 15:23:00.713][P:9244/T:4180][dhnetsdk.cpp:609][Error][90010002] Login failed, ip:192.168.2.123, port:37777, specCap:0!
[2019-12-12 15:23:00.713][P:9244/T:4180][dhnetsdk.cpp:618][Info][0] Leave CLIENT_LoginEx2. [error=9, login ID=0.]
[2019-12-12 15:23:00.714][P:9244/T:4180][dhnetsdk.cpp:6505][Info][0] Enter CLIENT_GetLastError.
[2019-12-12 15:23:00.714][P:9244/T:4180][dhnetsdk.cpp:6508][Info][0] Leave CLIENT_GetLastError.[Error code=8000006b.]
[2019-12-12 15:23:00.714][P:9244/T:4180][dhnetsdk.cpp:6505][Info][0] Enter CLIENT_GetLastError.
[2019-12-12 15:23:00.714][P:9244/T:4180][dhnetsdk.cpp:6508][Info][0] Leave CLIENT_GetLastError.[Error code=8000006b.]
[2019-12-12 15:23:00.719][P:9244/T:4180][dhnetsdk.cpp:14705][Info][0] Enter CLIENT_FindRecord. [lLoginID=0, pInParam=000000001B62E650, pOutParam=000000001B62E590, waittime=5000.]
[2019-12-12 15:23:00.719][P:9244/T:4180][dhnetsdk.cpp:14717][Error][90000009] Invalid login handle:0000000000000000
[2019-12-12 15:23:00.719][P:9244/T:4180][dhnetsdk.cpp:6505][Info][0] Enter CLIENT_GetLastError.
[2019-12-12 15:23:00.719][P:9244/T:4180][dhnetsdk.cpp:6508][Info][0] Leave CLIENT_GetLastError.[Error code=80000004.]
[2019-12-12 15:23:00.719][P:9244/T:4180][dhnetsdk.cpp:6505][Info][0] Enter CLIENT_GetLastError.
[2019-12-12 15:23:00.719][P:9244/T:4180][dhnetsdk.cpp:6508][Info][0] Leave CLIENT_GetLastError.[Error code=80000004.]
