Begin Time:2019-12-12 15:30:07.003
[2019-12-12 15:30:07.004][P:1736/T:4192][AVNetSDKMgr.cpp:358][Info][0] Load avnetsdk library dynamically
[2019-12-12 15:30:07.019][P:1736/T:4192][AVNetSDKMgr.cpp:382][Info][0] avnetsdk module handle: 000000001EFB0000

[2019-12-12 15:30:07.019][P:1736/T:4192][AVNetSDKMgr.cpp:702][Info][0] Load configsdk dynamically
[2019-12-12 15:30:07.043][P:1736/T:4192][dhnetsdk.cpp:186][Info][0] Enter CLIENT_SetAutoReconnect:[cbAutoConnect=00000000027C0050, dwUser=0000000000000000].
[2019-12-12 15:30:07.043][P:1736/T:4192][dhnetsdk.cpp:188][Info][0] Leave CLIENT_SetAutoReconnect.
[2019-12-12 15:30:07.089][P:1736/T:4192][dhnetsdk.cpp:206][Info][0] Enter CLIENT_SetConnectTime:[nWaitTime=5000, nTryTimes=1].
[2019-12-12 15:30:07.089][P:1736/T:4192][dhnetsdk.cpp:219][Info][0] Leave CLIENT_SetConnectTime.
[2019-12-12 15:30:07.092][P:1736/T:4192][dhnetsdk.cpp:230][Info][0] Enter CLIENT_SetNetworkParam:[nWaittime=0, nConnectTime=10000, nConnectTryNum=0, nSubConnectSpaceTime=0, nGetDevInfoTime=0, nConnectBufSize=0, nGetConnInfoTime=3000, nSearchRecordTime=0, nsubDisconnetTime=0, byNetType=0, byPlaybackBufSize=0, bDetectDisconnTime=0, bKeepLifeInterval=0, nPicBufSize=0].
[2019-12-12 15:30:07.092][P:1736/T:4192][dhnetsdk.cpp:245][Info][0] Leave CLIENT_SetNetworkParam.
[2019-12-12 15:30:07.096][P:1736/T:4192][dhnetsdk.cpp:582][Info][0] Enter CLIENT_LoginEx2. [IP=192.168.2.222, port=37777, SpeCap=0, lpDeviceInfo=000000001B1AE2B0.]
[2019-12-12 15:30:07.353][P:1736/T:4192][dhnetsdk.cpp:618][Info][0] Leave CLIENT_LoginEx2. [error=0, login ID=487827264.]
[2019-12-12 15:30:07.357][P:1736/T:4192][dhnetsdk.cpp:14705][Info][0] Enter CLIENT_FindRecord. [lLoginID=487827264, pInParam=000000001B1AE3A0, pOutParam=000000001B1AE3C0, waittime=5000.]
[2019-12-12 15:30:07.644][P:1736/T:4192][dhnetsdk.cpp:14730][Info][0] Leave CLIENT_FindRecord. [ret=1.]
[2019-12-12 15:30:08.385][P:1736/T:4192][dhnetsdk.cpp:811][Info][0] Enter CLIENT_Logout. [lLoginID=487827264.]
[2019-12-12 15:30:08.385][P:1736/T:4192][TPTCPClient.cpp:514][Error][90010007] Device is not online, ip:192.168.2.222
[2019-12-12 15:30:08.385][P:1736/T:4192][dhnetsdk.cpp:833][Info][0] Leave CLIENT_Logout. [ret=1]
[2019-12-12 15:30:08.386][P:1736/T:4192][dhnetsdk.cpp:582][Info][0] Enter CLIENT_LoginEx2. [IP=192.168.2.222, port=37777, SpeCap=0, lpDeviceInfo=000000001B1AE2B0.]
[2019-12-12 15:30:08.599][P:1736/T:4192][dhnetsdk.cpp:618][Info][0] Leave CLIENT_LoginEx2. [error=0, login ID=564283152.]
[2019-12-12 15:30:08.601][P:1736/T:4192][dhnetsdk.cpp:14705][Info][0] Enter CLIENT_FindRecord. [lLoginID=564283152, pInParam=00000000207A7AE0, pOutParam=00000000207A7A60, waittime=5000.]
[2019-12-12 15:30:08.848][P:1736/T:4192][dhnetsdk.cpp:14730][Info][0] Leave CLIENT_FindRecord. [ret=1.]
