Begin Time:2019-12-20 11:29:20.269
[2019-12-20 11:29:20.270][P:704/T:8076][AVNetSDKMgr.cpp:358][Info][0] Load avnetsdk library dynamically
[2019-12-20 11:29:20.291][P:704/T:8076][AVNetSDKMgr.cpp:382][Info][0] avnetsdk module handle: 000000001FA60000

[2019-12-20 11:29:20.291][P:704/T:8076][AVNetSDKMgr.cpp:702][Info][0] Load configsdk dynamically
[2019-12-20 11:29:20.314][P:704/T:8076][dhnetsdk.cpp:186][Info][0] Enter CLIENT_SetAutoReconnect:[cbAutoConnect=000000001BC60050, dwUser=0000000000000000].
[2019-12-20 11:29:20.314][P:704/T:8076][dhnetsdk.cpp:188][Info][0] Leave CLIENT_SetAutoReconnect.
[2019-12-20 11:29:20.315][P:704/T:8076][dhnetsdk.cpp:206][Info][0] Enter CLIENT_SetConnectTime:[nWaitTime=5000, nTryTimes=1].
[2019-12-20 11:29:20.315][P:704/T:8076][dhnetsdk.cpp:219][Info][0] Leave CLIENT_SetConnectTime.
[2019-12-20 11:29:20.317][P:704/T:8076][dhnetsdk.cpp:230][Info][0] Enter CLIENT_SetNetworkParam:[nWaittime=0, nConnectTime=10000, nConnectTryNum=0, nSubConnectSpaceTime=0, nGetDevInfoTime=0, nConnectBufSize=0, nGetConnInfoTime=3000, nSearchRecordTime=0, nsubDisconnetTime=0, byNetType=0, byPlaybackBufSize=0, bDetectDisconnTime=0, bKeepLifeInterval=0, nPicBufSize=0].
[2019-12-20 11:29:20.317][P:704/T:8076][dhnetsdk.cpp:245][Info][0] Leave CLIENT_SetNetworkParam.
[2019-12-20 11:29:20.323][P:704/T:8076][dhnetsdk.cpp:582][Info][0] Enter CLIENT_LoginEx2. [IP=192.168.0.222, port=37777, SpeCap=0, lpDeviceInfo=000000001BCBDCF0.]
[2019-12-20 11:29:20.515][P:704/T:8076][dhnetsdk.cpp:618][Info][0] Leave CLIENT_LoginEx2. [error=0, login ID=499424928.]
[2019-12-20 11:29:20.517][P:704/T:8076][dhnetsdk.cpp:6517][Info][0] Enter CLIENT_ControlDevice. [lLoginID=499424928, type=258, param=000000001BCBDD80, waittime=5000.]
[2019-12-20 11:29:21.033][P:704/T:8076][dhnetsdk.cpp:6540][Info][0] Leave CLIENT_ControlDevice.[ret=1.]
[2019-12-20 11:29:21.034][P:704/T:8076][dhnetsdk.cpp:582][Info][0] Enter CLIENT_LoginEx2. [IP=192.168.0.222, port=37777, SpeCap=0, lpDeviceInfo=000000001BCBDCF0.]
[2019-12-20 11:29:21.770][P:704/T:8076][DevConfig.cpp:2282][Error][90002001] Protocol error it may result from network timeout
[2019-12-20 11:29:21.798][P:704/T:8076][dhnetsdk.cpp:618][Info][0] Leave CLIENT_LoginEx2. [error=0, login ID=499817568.]
[2019-12-20 11:29:21.858][P:704/T:8076][dhnetsdk.cpp:6517][Info][0] Enter CLIENT_ControlDevice. [lLoginID=499817568, type=256, param=000000001BCB7BE0, waittime=5000.]
[2019-12-20 11:29:22.346][P:704/T:8076][dhnetsdk.cpp:6540][Info][0] Leave CLIENT_ControlDevice.[ret=1.]
[2019-12-20 11:29:23.701][P:704/T:8076][dhnetsdk.cpp:24962][Info][0] Enter CLIENT_FaceInfoOpreate. [lLoginID=499817568, emType=0, pInParam=000000002110E3B0, pOutParam=000000001BCBEBD0, waittime=5000.]
[2019-12-20 11:29:24.107][P:704/T:8076][dhnetsdk.cpp:24978][Info][0] Leave CLIENT_FaceInfoOpreate.[ret=1.]
[2019-12-20 11:29:24.110][P:704/T:8076][dhnetsdk.cpp:811][Info][0] Enter CLIENT_Logout. [lLoginID=499817568.]
[2019-12-20 11:29:24.111][P:704/T:8076][TPTCPClient.cpp:514][Error][90010007] Device is not online, ip:192.168.0.222
[2019-12-20 11:29:24.111][P:704/T:8076][dhnetsdk.cpp:833][Info][0] Leave CLIENT_Logout. [ret=1]
